<?xml version="1.0" encoding="UTF-8"?>
<!-- Generated by org.testng.reporters.JUnitReportReporter -->
<testsuite hostname="4J49RN2" name="com.automation.training.tests.WikiTests" tests="1" failures="0" timestamp="22 Sep 2020 02:29:50 GMT" time="2.526" errors="0">
  <testcase name="testWikiSearchArticlePage" time="2.526" classname="com.automation.training.tests.WikiTests"/>
</testsuite> <!-- com.automation.training.tests.WikiTests -->
